

Version:	3.50
CmdLine:	C:\Users\angel\IdeaProjects\P1Demo\out\Graph.exe --l4j-debug
JNI:		No
WOW64:		Yes
Working dir:	C:\Users\angel\IdeaProjects\P1Demo\out\.
Requires JDK:	No
Requires 64-Bit: No
Java min ver:	
Java max ver:	
Substitute:	JAVA_HOME = 
Substitute:	PATH = C:\Program Files\Common Files\Oracle\Java\javapath;C:\WINDOWS\system32;C:\WINDOWS;C:\WINDOWS\System32\Wbem;C:\WINDOWS\System32\WindowsPowerShell\v1.0\;C:\WINDOWS\System32\OpenSSH\;C:\Program Files\Git\cmd;C:\Users\angel\AppData\Local\Microsoft\WindowsApps;%JAVA_HOME%C:\Program Files\Java\jdk-25\bin;C:\Users\angel\AppData\Local\Programs\IntelliJ IDEA 2025.2.3\bin;C:\Program Files\Java\jdk-25\bin
JRE paths:	;C:\Program Files\Common Files\Oracle\Java\javapath;C:\WINDOWS\system32;C:\WINDOWS;C:\WINDOWS\System32\Wbem;C:\WINDOWS\System32\WindowsPowerShell\v1.0\;C:\WINDOWS\System32\OpenSSH\;C:\Program Files\Git\cmd;C:\Users\angel\AppData\Local\Microsoft\WindowsApps;%JAVA_HOME%C:\Program Files\Java\jdk-25\bin;C:\Users\angel\AppData\Local\Programs\IntelliJ IDEA 2025.2.3\bin;C:\Program Files\Java\jdk-25\bin
Check launcher:	C:\Program Files\Common Files\Oracle\Java\javapath\bin\javaw.exe (not found)
Check launcher:	C:\WINDOWS\system32\bin\javaw.exe (not found)
Check launcher:	C:\WINDOWS\bin\javaw.exe (not found)
Check launcher:	C:\WINDOWS\System32\Wbem\bin\javaw.exe (not found)
Check launcher:	C:\WINDOWS\System32\WindowsPowerShell\v1.0\bin\javaw.exe (not found)
Check launcher:	C:\WINDOWS\System32\OpenSSH\bin\javaw.exe (not found)
Check launcher:	C:\Program Files\Git\cmd\bin\javaw.exe (not found)
Check launcher:	C:\Users\angel\AppData\Local\Microsoft\WindowsApps\bin\javaw.exe (not found)
Check launcher:	C:\Users\angel\IdeaProjects\P1Demo\out\%JAVA_HOME%C:\Program Files\Java\jdk-25\bin\javaw.exe (not found)
Check launcher:	C:\Users\angel\AppData\Local\Programs\IntelliJ IDEA 2025.2.3\bin\javaw.exe (not found)
Check launcher:	C:\Program Files\Java\jdk-25\bin\javaw.exe (OK)
Version string: 1.025.000 / 64-Bit (OK)
Launcher:	C:\Program Files\Java\jdk-25\bin\javaw.exe
Launcher args:	-jar "C:\Users\angel\IdeaProjects\P1Demo\out\Graph.exe"
Args length:	55/32768 chars
Exit code:	0


Version:	3.50
CmdLine:	C:\Users\angel\IdeaProjects\P1Demo\out\Graph.exe --l4j-debug
JNI:		No
WOW64:		Yes
Working dir:	C:\Users\angel\IdeaProjects\P1Demo\out\.
Requires JDK:	No
Requires 64-Bit: No
Java min ver:	
Java max ver:	
Substitute:	JAVA_HOME = 
Substitute:	PATH = C:\Program Files\Common Files\Oracle\Java\javapath;C:\WINDOWS\system32;C:\WINDOWS;C:\WINDOWS\System32\Wbem;C:\WINDOWS\System32\WindowsPowerShell\v1.0\;C:\WINDOWS\System32\OpenSSH\;C:\Program Files\Git\cmd;C:\Users\angel\AppData\Local\Microsoft\WindowsApps;%JAVA_HOME%C:\Program Files\Java\jdk-25\bin;C:\Users\angel\AppData\Local\Programs\IntelliJ IDEA 2025.2.3\bin;C:\Program Files\Java\jdk-25\bin
JRE paths:	;C:\Program Files\Common Files\Oracle\Java\javapath;C:\WINDOWS\system32;C:\WINDOWS;C:\WINDOWS\System32\Wbem;C:\WINDOWS\System32\WindowsPowerShell\v1.0\;C:\WINDOWS\System32\OpenSSH\;C:\Program Files\Git\cmd;C:\Users\angel\AppData\Local\Microsoft\WindowsApps;%JAVA_HOME%C:\Program Files\Java\jdk-25\bin;C:\Users\angel\AppData\Local\Programs\IntelliJ IDEA 2025.2.3\bin;C:\Program Files\Java\jdk-25\bin
Check launcher:	C:\Program Files\Common Files\Oracle\Java\javapath\bin\javaw.exe (not found)
Check launcher:	C:\WINDOWS\system32\bin\javaw.exe (not found)
Check launcher:	C:\WINDOWS\bin\javaw.exe (not found)
Check launcher:	C:\WINDOWS\System32\Wbem\bin\javaw.exe (not found)
Check launcher:	C:\WINDOWS\System32\WindowsPowerShell\v1.0\bin\javaw.exe (not found)
Check launcher:	C:\WINDOWS\System32\OpenSSH\bin\javaw.exe (not found)
Check launcher:	C:\Program Files\Git\cmd\bin\javaw.exe (not found)
Check launcher:	C:\Users\angel\AppData\Local\Microsoft\WindowsApps\bin\javaw.exe (not found)
Check launcher:	C:\Users\angel\IdeaProjects\P1Demo\out\%JAVA_HOME%C:\Program Files\Java\jdk-25\bin\javaw.exe (not found)
Check launcher:	C:\Users\angel\AppData\Local\Programs\IntelliJ IDEA 2025.2.3\bin\javaw.exe (not found)
Check launcher:	C:\Program Files\Java\jdk-25\bin\javaw.exe (OK)
Version string: 1.025.000 / 64-Bit (OK)
Launcher:	C:\Program Files\Java\jdk-25\bin\javaw.exe
Launcher args:	-jar "C:\Users\angel\IdeaProjects\P1Demo\out\Graph.exe"
Args length:	55/32768 chars
Exit code:	0


Version:	3.50
CmdLine:	C:\Users\angel\IdeaProjects\P1Demo\out\Graph.exe --l4j-debug
JNI:		No
WOW64:		Yes
Working dir:	C:\Users\angel\IdeaProjects\P1Demo\out\.
Requires JDK:	No
Requires 64-Bit: No
Java min ver:	
Java max ver:	
Substitute:	JAVA_HOME = 
Substitute:	PATH = C:\Program Files\Common Files\Oracle\Java\javapath;C:\WINDOWS\system32;C:\WINDOWS;C:\WINDOWS\System32\Wbem;C:\WINDOWS\System32\WindowsPowerShell\v1.0\;C:\WINDOWS\System32\OpenSSH\;C:\Program Files\Git\cmd;C:\Users\angel\AppData\Local\Microsoft\WindowsApps;%JAVA_HOME%C:\Program Files\Java\jdk-25\bin;C:\Users\angel\AppData\Local\Programs\IntelliJ IDEA 2025.2.3\bin;C:\Program Files\Java\jdk-25\bin
JRE paths:	;C:\Program Files\Common Files\Oracle\Java\javapath;C:\WINDOWS\system32;C:\WINDOWS;C:\WINDOWS\System32\Wbem;C:\WINDOWS\System32\WindowsPowerShell\v1.0\;C:\WINDOWS\System32\OpenSSH\;C:\Program Files\Git\cmd;C:\Users\angel\AppData\Local\Microsoft\WindowsApps;%JAVA_HOME%C:\Program Files\Java\jdk-25\bin;C:\Users\angel\AppData\Local\Programs\IntelliJ IDEA 2025.2.3\bin;C:\Program Files\Java\jdk-25\bin
Check launcher:	C:\Program Files\Common Files\Oracle\Java\javapath\bin\javaw.exe (not found)
Check launcher:	C:\WINDOWS\system32\bin\javaw.exe (not found)
Check launcher:	C:\WINDOWS\bin\javaw.exe (not found)
Check launcher:	C:\WINDOWS\System32\Wbem\bin\javaw.exe (not found)
Check launcher:	C:\WINDOWS\System32\WindowsPowerShell\v1.0\bin\javaw.exe (not found)
Check launcher:	C:\WINDOWS\System32\OpenSSH\bin\javaw.exe (not found)
Check launcher:	C:\Program Files\Git\cmd\bin\javaw.exe (not found)
Check launcher:	C:\Users\angel\AppData\Local\Microsoft\WindowsApps\bin\javaw.exe (not found)
Check launcher:	C:\Users\angel\IdeaProjects\P1Demo\out\%JAVA_HOME%C:\Program Files\Java\jdk-25\bin\javaw.exe (not found)
Check launcher:	C:\Users\angel\AppData\Local\Programs\IntelliJ IDEA 2025.2.3\bin\javaw.exe (not found)
Check launcher:	C:\Program Files\Java\jdk-25\bin\javaw.exe (OK)
Version string: 1.025.000 / 64-Bit (OK)
Launcher:	C:\Program Files\Java\jdk-25\bin\javaw.exe
Launcher args:	-jar "C:\Users\angel\IdeaProjects\P1Demo\out\Graph.exe"
Args length:	55/32768 chars
Exit code:	0


Version:	3.50
CmdLine:	C:\Users\angel\IdeaProjects\P1Demo\out\Graph.exe --l4j-debug
JNI:		No
WOW64:		Yes
Working dir:	C:\Users\angel\IdeaProjects\P1Demo\out\.
Requires JDK:	No
Requires 64-Bit: No
Java min ver:	
Java max ver:	
Substitute:	JAVA_HOME = 
Substitute:	PATH = C:\Program Files\Common Files\Oracle\Java\javapath;C:\WINDOWS\system32;C:\WINDOWS;C:\WINDOWS\System32\Wbem;C:\WINDOWS\System32\WindowsPowerShell\v1.0\;C:\WINDOWS\System32\OpenSSH\;C:\Program Files\Git\cmd;C:\Users\angel\AppData\Local\Microsoft\WindowsApps;%JAVA_HOME%C:\Program Files\Java\jdk-25\bin;C:\Users\angel\AppData\Local\Programs\IntelliJ IDEA 2025.2.3\bin;C:\Program Files\Java\jdk-25\bin
JRE paths:	;C:\Program Files\Common Files\Oracle\Java\javapath;C:\WINDOWS\system32;C:\WINDOWS;C:\WINDOWS\System32\Wbem;C:\WINDOWS\System32\WindowsPowerShell\v1.0\;C:\WINDOWS\System32\OpenSSH\;C:\Program Files\Git\cmd;C:\Users\angel\AppData\Local\Microsoft\WindowsApps;%JAVA_HOME%C:\Program Files\Java\jdk-25\bin;C:\Users\angel\AppData\Local\Programs\IntelliJ IDEA 2025.2.3\bin;C:\Program Files\Java\jdk-25\bin
Check launcher:	C:\Program Files\Common Files\Oracle\Java\javapath\bin\javaw.exe (not found)
Check launcher:	C:\WINDOWS\system32\bin\javaw.exe (not found)
Check launcher:	C:\WINDOWS\bin\javaw.exe (not found)
Check launcher:	C:\WINDOWS\System32\Wbem\bin\javaw.exe (not found)
Check launcher:	C:\WINDOWS\System32\WindowsPowerShell\v1.0\bin\javaw.exe (not found)
Check launcher:	C:\WINDOWS\System32\OpenSSH\bin\javaw.exe (not found)
Check launcher:	C:\Program Files\Git\cmd\bin\javaw.exe (not found)
Check launcher:	C:\Users\angel\AppData\Local\Microsoft\WindowsApps\bin\javaw.exe (not found)
Check launcher:	C:\Users\angel\IdeaProjects\P1Demo\out\%JAVA_HOME%C:\Program Files\Java\jdk-25\bin\javaw.exe (not found)
Check launcher:	C:\Users\angel\AppData\Local\Programs\IntelliJ IDEA 2025.2.3\bin\javaw.exe (not found)
Check launcher:	C:\Program Files\Java\jdk-25\bin\javaw.exe (OK)
Version string: 1.025.000 / 64-Bit (OK)
Launcher:	C:\Program Files\Java\jdk-25\bin\javaw.exe
Launcher args:	-jar "C:\Users\angel\IdeaProjects\P1Demo\out\Graph.exe"
Args length:	55/32768 chars
Exit code:	0
